ERROR - 2016-07-11 07:51:08 - ErrorException: Undefined offset: 0 in C:\wamp64\www\App\Controllers\Signup\SignupController.php:29
Stack trace:
#0 C:\wamp64\www\App\Controllers\Signup\SignupController.php(29): Yee\Yee::handleErrors(8, 'Undefined offse...', 'C:\\wamp64\\www\\A...', 29, Array)
#1 [internal function]: SignupController->postAction()
#2 C:\wamp64\www\Yee\Managers\Controller\Controller.php(22): call_user_func_array(Array, Array)
#3 [internal function]: Yee\Managers\Controller\Controller::__callStatic('postAction', Array)
#4 C:\wamp64\www\Yee\Route.php(462): call_user_func_array('SignupControlle...', Array)
#5 C:\wamp64\www\Yee\Yee.php(1333): Yee\Route->dispatch()
#6 C:\wamp64\www\Yee\Middleware\Flash.php(85): Yee\Yee->call()
#7 C:\wamp64\www\Yee\Middleware\MethodOverride.php(92): Yee\Middleware\Flash->call()
#8 C:\wamp64\www\Yee\Middleware\PrettyExceptions.php(67): Yee\Middleware\MethodOverride->call()
#9 C:\wamp64\www\Yee\Yee.php(1278): Yee\Middleware\PrettyExceptions->call()
#10 C:\wamp64\www\index.php(48): Yee\Yee->execute()
#11 {main}
ERROR - 2016-07-11 07:51:18 - ErrorException: Undefined offset: 1 in C:\wamp64\www\App\Controllers\Signup\SignupController.php:29
Stack trace:
#0 C:\wamp64\www\App\Controllers\Signup\SignupController.php(29): Yee\Yee::handleErrors(8, 'Undefined offse...', 'C:\\wamp64\\www\\A...', 29, Array)
#1 [internal function]: SignupController->postAction()
#2 C:\wamp64\www\Yee\Managers\Controller\Controller.php(22): call_user_func_array(Array, Array)
#3 [internal function]: Yee\Managers\Controller\Controller::__callStatic('postAction', Array)
#4 C:\wamp64\www\Yee\Route.php(462): call_user_func_array('SignupControlle...', Array)
#5 C:\wamp64\www\Yee\Yee.php(1333): Yee\Route->dispatch()
#6 C:\wamp64\www\Yee\Middleware\Flash.php(85): Yee\Yee->call()
#7 C:\wamp64\www\Yee\Middleware\MethodOverride.php(92): Yee\Middleware\Flash->call()
#8 C:\wamp64\www\Yee\Middleware\PrettyExceptions.php(67): Yee\Middleware\MethodOverride->call()
#9 C:\wamp64\www\Yee\Yee.php(1278): Yee\Middleware\PrettyExceptions->call()
#10 C:\wamp64\www\index.php(48): Yee\Yee->execute()
#11 {main}
ERROR - 2016-07-11 09:15:16 - ErrorException: Undefined variable: loginEmail in C:\wamp64\www\App\Controllers\Login\LoginController.php:21
Stack trace:
#0 C:\wamp64\www\App\Controllers\Login\LoginController.php(21): Yee\Yee::handleErrors(8, 'Undefined varia...', 'C:\\wamp64\\www\\A...', 21, Array)
#1 [internal function]: LoginController->indexAction()
#2 C:\wamp64\www\Yee\Managers\Controller\Controller.php(22): call_user_func_array(Array, Array)
#3 [internal function]: Yee\Managers\Controller\Controller::__callStatic('indexAction', Array)
#4 C:\wamp64\www\Yee\Route.php(462): call_user_func_array('LoginController...', Array)
#5 C:\wamp64\www\Yee\Yee.php(1333): Yee\Route->dispatch()
#6 C:\wamp64\www\Yee\Middleware\Flash.php(85): Yee\Yee->call()
#7 C:\wamp64\www\Yee\Middleware\MethodOverride.php(92): Yee\Middleware\Flash->call()
#8 C:\wamp64\www\Yee\Middleware\PrettyExceptions.php(67): Yee\Middleware\MethodOverride->call()
#9 C:\wamp64\www\Yee\Yee.php(1278): Yee\Middleware\PrettyExceptions->call()
#10 C:\wamp64\www\index.php(48): Yee\Yee->execute()
#11 {main}
ERROR - 2016-07-11 09:15:46 - ErrorException: Undefined variable: loginEmail in C:\wamp64\www\App\Controllers\Login\LoginController.php:21
Stack trace:
#0 C:\wamp64\www\App\Controllers\Login\LoginController.php(21): Yee\Yee::handleErrors(8, 'Undefined varia...', 'C:\\wamp64\\www\\A...', 21, Array)
#1 [internal function]: LoginController->indexAction()
#2 C:\wamp64\www\Yee\Managers\Controller\Controller.php(22): call_user_func_array(Array, Array)
#3 [internal function]: Yee\Managers\Controller\Controller::__callStatic('indexAction', Array)
#4 C:\wamp64\www\Yee\Route.php(462): call_user_func_array('LoginController...', Array)
#5 C:\wamp64\www\Yee\Yee.php(1333): Yee\Route->dispatch()
#6 C:\wamp64\www\Yee\Middleware\Flash.php(85): Yee\Yee->call()
#7 C:\wamp64\www\Yee\Middleware\MethodOverride.php(92): Yee\Middleware\Flash->call()
#8 C:\wamp64\www\Yee\Middleware\PrettyExceptions.php(67): Yee\Middleware\MethodOverride->call()
#9 C:\wamp64\www\Yee\Yee.php(1278): Yee\Middleware\PrettyExceptions->call()
#10 C:\wamp64\www\index.php(48): Yee\Yee->execute()
#11 {main}
ERROR - 2016-07-11 09:40:01 - ErrorException: Undefined variable: email in C:\wamp64\www\App\Controllers\Signup\SignupController.php:40
Stack trace:
#0 C:\wamp64\www\App\Controllers\Signup\SignupController.php(40): Yee\Yee::handleErrors(8, 'Undefined varia...', 'C:\\wamp64\\www\\A...', 40, Array)
#1 [internal function]: SignupController->postAction()
#2 C:\wamp64\www\Yee\Managers\Controller\Controller.php(22): call_user_func_array(Array, Array)
#3 [internal function]: Yee\Managers\Controller\Controller::__callStatic('postAction', Array)
#4 C:\wamp64\www\Yee\Route.php(462): call_user_func_array('SignupControlle...', Array)
#5 C:\wamp64\www\Yee\Yee.php(1333): Yee\Route->dispatch()
#6 C:\wamp64\www\Yee\Middleware\Flash.php(85): Yee\Yee->call()
#7 C:\wamp64\www\Yee\Middleware\MethodOverride.php(92): Yee\Middleware\Flash->call()
#8 C:\wamp64\www\Yee\Middleware\PrettyExceptions.php(67): Yee\Middleware\MethodOverride->call()
#9 C:\wamp64\www\Yee\Yee.php(1278): Yee\Middleware\PrettyExceptions->call()
#10 C:\wamp64\www\index.php(48): Yee\Yee->execute()
#11 {main}
ERROR - 2016-07-11 10:59:29 - ErrorException: preg_match(): Unknown modifier '[' in C:\wamp64\www\App\Models\Signup\SignupModel.php:24
Stack trace:
#0 [internal function]: Yee\Yee::handleErrors(2, 'preg_match(): U...', 'C:\\wamp64\\www\\A...', 24, Array)
#1 C:\wamp64\www\App\Models\Signup\SignupModel.php(24): preg_match('#[^0-9]+#[A-Z]+...', 'asdAsd1')
#2 C:\wamp64\www\App\Controllers\Signup\SignupController.php(51): App\Models\Signup\signupModel->validatePass('asdAsd1', 'asdAsd1')
#3 [internal function]: SignupController->postAction()
#4 C:\wamp64\www\Yee\Managers\Controller\Controller.php(22): call_user_func_array(Array, Array)
#5 [internal function]: Yee\Managers\Controller\Controller::__callStatic('postAction', Array)
#6 C:\wamp64\www\Yee\Route.php(462): call_user_func_array('SignupControlle...', Array)
#7 C:\wamp64\www\Yee\Yee.php(1333): Yee\Route->dispatch()
#8 C:\wamp64\www\Yee\Middleware\Flash.php(85): Yee\Yee->call()
#9 C:\wamp64\www\Yee\Middleware\MethodOverride.php(92): Yee\Middleware\Flash->call()
#10 C:\wamp64\www\Yee\Middleware\PrettyExceptions.php(67): Yee\Middleware\MethodOverride->call()
#11 C:\wamp64\www\Yee\Yee.php(1278): Yee\Middleware\PrettyExceptions->call()
#12 C:\wamp64\www\index.php(48): Yee\Yee->execute()
#13 {main}
ERROR - 2016-07-11 10:59:52 - ErrorException: preg_match(): Unknown modifier '[' in C:\wamp64\www\App\Models\Signup\SignupModel.php:24
Stack trace:
#0 [internal function]: Yee\Yee::handleErrors(2, 'preg_match(): U...', 'C:\\wamp64\\www\\A...', 24, Array)
#1 C:\wamp64\www\App\Models\Signup\SignupModel.php(24): preg_match('#[^0-9]+#[A-Z]+...', 'asdAsd1')
#2 C:\wamp64\www\App\Controllers\Signup\SignupController.php(51): App\Models\Signup\signupModel->validatePass('asdAsd1', 'asdAsd1')
#3 [internal function]: SignupController->postAction()
#4 C:\wamp64\www\Yee\Managers\Controller\Controller.php(22): call_user_func_array(Array, Array)
#5 [internal function]: Yee\Managers\Controller\Controller::__callStatic('postAction', Array)
#6 C:\wamp64\www\Yee\Route.php(462): call_user_func_array('SignupControlle...', Array)
#7 C:\wamp64\www\Yee\Yee.php(1333): Yee\Route->dispatch()
#8 C:\wamp64\www\Yee\Middleware\Flash.php(85): Yee\Yee->call()
#9 C:\wamp64\www\Yee\Middleware\MethodOverride.php(92): Yee\Middleware\Flash->call()
#10 C:\wamp64\www\Yee\Middleware\PrettyExceptions.php(67): Yee\Middleware\MethodOverride->call()
#11 C:\wamp64\www\Yee\Yee.php(1278): Yee\Middleware\PrettyExceptions->call()
#12 C:\wamp64\www\index.php(48): Yee\Yee->execute()
#13 {main}
ERROR - 2016-07-11 10:59:58 - ErrorException: preg_match(): Unknown modifier '#' in C:\wamp64\www\App\Models\Signup\SignupModel.php:24
Stack trace:
#0 [internal function]: Yee\Yee::handleErrors(2, 'preg_match(): U...', 'C:\\wamp64\\www\\A...', 24, Array)
#1 C:\wamp64\www\App\Models\Signup\SignupModel.php(24): preg_match('#[^0-9]+##[A-Z]...', 'asdAsd1')
#2 C:\wamp64\www\App\Controllers\Signup\SignupController.php(51): App\Models\Signup\signupModel->validatePass('asdAsd1', 'asdAsd1')
#3 [internal function]: SignupController->postAction()
#4 C:\wamp64\www\Yee\Managers\Controller\Controller.php(22): call_user_func_array(Array, Array)
#5 [internal function]: Yee\Managers\Controller\Controller::__callStatic('postAction', Array)
#6 C:\wamp64\www\Yee\Route.php(462): call_user_func_array('SignupControlle...', Array)
#7 C:\wamp64\www\Yee\Yee.php(1333): Yee\Route->dispatch()
#8 C:\wamp64\www\Yee\Middleware\Flash.php(85): Yee\Yee->call()
#9 C:\wamp64\www\Yee\Middleware\MethodOverride.php(92): Yee\Middleware\Flash->call()
#10 C:\wamp64\www\Yee\Middleware\PrettyExceptions.php(67): Yee\Middleware\MethodOverride->call()
#11 C:\wamp64\www\Yee\Yee.php(1278): Yee\Middleware\PrettyExceptions->call()
#12 C:\wamp64\www\index.php(48): Yee\Yee->execute()
#13 {main}
